C:\Program Files\Microsoft Visual Studio\2022\Community\MSBuild\Microsoft\VC\v170\Microsoft.CppBuild.targets(531,5): warning MSB8028: El directorio intermedio (x64\Debug\) contiene archivos compartidos de otro proyecto (Project1.vcxproj). Esto puede dar lugar a un comportamiento incorrecto de limpieza y recompilación.
  Actor.cpp
D:\PROGRAMACION\UNL-Tecnicatura Desarrollo de Videojuegos\MAVI II\RagdollCanyonLucas\Project1\Actor.cpp(37,24): warning C4244: 'return': conversión de 'double' a 'float'; posible pérdida de datos
  Game.cpp
D:\PROGRAMACION\UNL-Tecnicatura Desarrollo de Videojuegos\MAVI II\RagdollCanyonLucas\Project1\Game.cpp(16,30): warning C4244: 'argumento': conversión de 'float' a 'unsigned int'; posible pérdida de datos
D:\PROGRAMACION\UNL-Tecnicatura Desarrollo de Videojuegos\MAVI II\RagdollCanyonLucas\Project1\Game.cpp(420,23): warning C4244: 'return': conversión de 'double' a 'float'; posible pérdida de datos
  main.cpp
  MyContactListener.cpp
  Ragdoll.cpp
D:\PROGRAMACION\UNL-Tecnicatura Desarrollo de Videojuegos\MAVI II\RagdollCanyonLucas\Project1\Ragdoll.cpp(7,16): warning C4305: '-=': truncamiento de 'double' a 'T'
D:\PROGRAMACION\UNL-Tecnicatura Desarrollo de Videojuegos\MAVI II\RagdollCanyonLucas\Project1\Ragdoll.cpp(7,16): warning C4305:         with
D:\PROGRAMACION\UNL-Tecnicatura Desarrollo de Videojuegos\MAVI II\RagdollCanyonLucas\Project1\Ragdoll.cpp(7,16): warning C4305:         [
D:\PROGRAMACION\UNL-Tecnicatura Desarrollo de Videojuegos\MAVI II\RagdollCanyonLucas\Project1\Ragdoll.cpp(7,16): warning C4305:             T=float
D:\PROGRAMACION\UNL-Tecnicatura Desarrollo de Videojuegos\MAVI II\RagdollCanyonLucas\Project1\Ragdoll.cpp(7,16): warning C4305:         ]
D:\PROGRAMACION\UNL-Tecnicatura Desarrollo de Videojuegos\MAVI II\RagdollCanyonLucas\Project1\Ragdoll.cpp(26,27): warning C4305: 'argumento': truncamiento de 'double' a 'float'
D:\PROGRAMACION\UNL-Tecnicatura Desarrollo de Videojuegos\MAVI II\RagdollCanyonLucas\Project1\Ragdoll.cpp(26,22): warning C4305: 'argumento': truncamiento de 'double' a 'float'
D:\PROGRAMACION\UNL-Tecnicatura Desarrollo de Videojuegos\MAVI II\RagdollCanyonLucas\Project1\Ragdoll.cpp(27,27): warning C4305: 'argumento': truncamiento de 'double' a 'float'
D:\PROGRAMACION\UNL-Tecnicatura Desarrollo de Videojuegos\MAVI II\RagdollCanyonLucas\Project1\Ragdoll.cpp(27,22): warning C4305: 'argumento': truncamiento de 'double' a 'float'
D:\PROGRAMACION\UNL-Tecnicatura Desarrollo de Videojuegos\MAVI II\RagdollCanyonLucas\Project1\Ragdoll.cpp(28,28): warning C4305: 'argumento': truncamiento de 'double' a 'float'
D:\PROGRAMACION\UNL-Tecnicatura Desarrollo de Videojuegos\MAVI II\RagdollCanyonLucas\Project1\Ragdoll.cpp(28,22): warning C4305: 'argumento': truncamiento de 'double' a 'float'
D:\PROGRAMACION\UNL-Tecnicatura Desarrollo de Videojuegos\MAVI II\RagdollCanyonLucas\Project1\Ragdoll.cpp(29,28): warning C4305: 'argumento': truncamiento de 'double' a 'float'
D:\PROGRAMACION\UNL-Tecnicatura Desarrollo de Videojuegos\MAVI II\RagdollCanyonLucas\Project1\Ragdoll.cpp(29,22): warning C4305: 'argumento': truncamiento de 'double' a 'float'
D:\PROGRAMACION\UNL-Tecnicatura Desarrollo de Videojuegos\MAVI II\RagdollCanyonLucas\Project1\Ragdoll.cpp(30,28): warning C4305: 'argumento': truncamiento de 'double' a 'float'
D:\PROGRAMACION\UNL-Tecnicatura Desarrollo de Videojuegos\MAVI II\RagdollCanyonLucas\Project1\Ragdoll.cpp(30,22): warning C4305: 'argumento': truncamiento de 'double' a 'float'
D:\PROGRAMACION\UNL-Tecnicatura Desarrollo de Videojuegos\MAVI II\RagdollCanyonLucas\Project1\Ragdoll.cpp(31,28): warning C4305: 'argumento': truncamiento de 'double' a 'float'
D:\PROGRAMACION\UNL-Tecnicatura Desarrollo de Videojuegos\MAVI II\RagdollCanyonLucas\Project1\Ragdoll.cpp(31,22): warning C4305: 'argumento': truncamiento de 'double' a 'float'
D:\PROGRAMACION\UNL-Tecnicatura Desarrollo de Videojuegos\MAVI II\RagdollCanyonLucas\Project1\Ragdoll.cpp(48,115): warning C4244: 'argumento': conversión de 'double' a 'float'; posible pérdida de datos
D:\PROGRAMACION\UNL-Tecnicatura Desarrollo de Videojuegos\MAVI II\RagdollCanyonLucas\Project1\Ragdoll.cpp(48,188): warning C4244: 'argumento': conversión de 'double' a 'float'; posible pérdida de datos
D:\PROGRAMACION\UNL-Tecnicatura Desarrollo de Videojuegos\MAVI II\RagdollCanyonLucas\Project1\Ragdoll.cpp(49,122): warning C4244: 'argumento': conversión de 'double' a 'float'; posible pérdida de datos
D:\PROGRAMACION\UNL-Tecnicatura Desarrollo de Videojuegos\MAVI II\RagdollCanyonLucas\Project1\Ragdoll.cpp(49,86): warning C4244: 'argumento': conversión de 'double' a 'float'; posible pérdida de datos
D:\PROGRAMACION\UNL-Tecnicatura Desarrollo de Videojuegos\MAVI II\RagdollCanyonLucas\Project1\Ragdoll.cpp(49,202): warning C4244: 'argumento': conversión de 'double' a 'float'; posible pérdida de datos
D:\PROGRAMACION\UNL-Tecnicatura Desarrollo de Videojuegos\MAVI II\RagdollCanyonLucas\Project1\Ragdoll.cpp(49,166): warning C4244: 'argumento': conversión de 'double' a 'float'; posible pérdida de datos
D:\PROGRAMACION\UNL-Tecnicatura Desarrollo de Videojuegos\MAVI II\RagdollCanyonLucas\Project1\Ragdoll.cpp(50,122): warning C4244: 'argumento': conversión de 'double' a 'float'; posible pérdida de datos
D:\PROGRAMACION\UNL-Tecnicatura Desarrollo de Videojuegos\MAVI II\RagdollCanyonLucas\Project1\Ragdoll.cpp(50,86): warning C4244: 'argumento': conversión de 'double' a 'float'; posible pérdida de datos
D:\PROGRAMACION\UNL-Tecnicatura Desarrollo de Videojuegos\MAVI II\RagdollCanyonLucas\Project1\Ragdoll.cpp(50,202): warning C4244: 'argumento': conversión de 'double' a 'float'; posible pérdida de datos
D:\PROGRAMACION\UNL-Tecnicatura Desarrollo de Videojuegos\MAVI II\RagdollCanyonLucas\Project1\Ragdoll.cpp(50,166): warning C4244: 'argumento': conversión de 'double' a 'float'; posible pérdida de datos
D:\PROGRAMACION\UNL-Tecnicatura Desarrollo de Videojuegos\MAVI II\RagdollCanyonLucas\Project1\Ragdoll.cpp(51,122): warning C4244: 'argumento': conversión de 'double' a 'float'; posible pérdida de datos
D:\PROGRAMACION\UNL-Tecnicatura Desarrollo de Videojuegos\MAVI II\RagdollCanyonLucas\Project1\Ragdoll.cpp(51,86): warning C4244: 'argumento': conversión de 'double' a 'float'; posible pérdida de datos
D:\PROGRAMACION\UNL-Tecnicatura Desarrollo de Videojuegos\MAVI II\RagdollCanyonLucas\Project1\Ragdoll.cpp(51,195): warning C4244: 'argumento': conversión de 'double' a 'float'; posible pérdida de datos
D:\PROGRAMACION\UNL-Tecnicatura Desarrollo de Videojuegos\MAVI II\RagdollCanyonLucas\Project1\Ragdoll.cpp(52,122): warning C4244: 'argumento': conversión de 'double' a 'float'; posible pérdida de datos
D:\PROGRAMACION\UNL-Tecnicatura Desarrollo de Videojuegos\MAVI II\RagdollCanyonLucas\Project1\Ragdoll.cpp(52,86): warning C4244: 'argumento': conversión de 'double' a 'float'; posible pérdida de datos
D:\PROGRAMACION\UNL-Tecnicatura Desarrollo de Videojuegos\MAVI II\RagdollCanyonLucas\Project1\Ragdoll.cpp(52,195): warning C4244: 'argumento': conversión de 'double' a 'float'; posible pérdida de datos
  Generando código...
  Project1.vcxproj -> D:\PROGRAMACION\UNL-Tecnicatura Desarrollo de Videojuegos\MAVI II\RagdollCanyonLucas\x64\Debug\RagdollCanyonLucas.exe
